<?xml version="1.0" encoding="UTF-8"?>
<testsuite xmlns:xsi="http://www.w3.org/2001/XMLSchema-instance" xsi:noNamespaceSchemaLocation="https://maven.apache.org/surefire/maven-surefire-plugin/xsd/surefire-test-report-3.0.xsd" version="3.0" name="com.hubertusseitz.MyApplicationTest" time="0.244" tests="1" errors="0" skipped="1" failures="0">
  <properties>
[...]
</properties>
  <testcase name="should_complete_the_auto_detected_route" classname="com.hubertusseitz.MyApplicationTest" time="0.0">
    <skipped message="void com.hubertusseitz.MyApplicationTest.should_complete_the_auto_detected_route() is @Disabled"/>
  </testcase>
</testsuite>