<?xml version="1.0" encoding="UTF-8"?>
<testsuite xmlns:xsi="http://www.w3.org/2001/XMLSchema-instance" xsi:noNamespaceSchemaLocation="https://maven.apache.org/surefire/maven-surefire-plugin/xsd/surefire-test-report-3.0.xsd" version="3.0" name="org.example.MyApplicationTest" time="1.44" tests="1" errors="0" skipped="0" failures="0">
  <properties>
[...]
</properties>
  <testcase name="should_complete_the_auto_detected_route" classname="org.example.MyApplicationTest" time="1.199">
    <system-out><![CDATA[[                          main] CamelTestSupport               INFO  ********************************************************************************
[                          main] CamelTestSupport               INFO  Testing: should_complete_the_auto_detected_route() (org.example.MyApplicationTest)
[                          main] CamelTestSupport               INFO  ********************************************************************************
[                          main] BaseMainSupport                INFO  Classpath scanning enabled from base package: org.example
[                          main] BaseMainSupport                INFO  Auto-configuration summary
[                          main] BaseMainSupport                INFO      [application.properties]       camel.main.name=MyTimerCamel
[                          main] AbstractCamelContext           INFO  Apache Camel 4.0.0 (MyTimerCamel) is starting
[                          main] BaseMainSupport                INFO  Property-placeholders summary
[                          main] BaseMainSupport                INFO      [application.properties]       hi=Hello
[                          main] BaseMainSupport                INFO      [application.properties]       bye=Goodbye
[                          main] BaseMainSupport                INFO      [application.properties]       myPeriod=3000
[                          main] AbstractCamelContext           INFO  Routes startup (started:1)
[                          main] AbstractCamelContext           INFO      Started route1 (timer://foo)
[                          main] AbstractCamelContext           INFO  Apache Camel 4.0.0 (MyTimerCamel) started in 5ms (build:0ms init:0ms start:5ms)
[mel-1) thread #1 - timer://foo] route1                         INFO  Hello how are you?
[mel-1) thread #1 - timer://foo] route1                         INFO  Goodbye World
[                          main] CamelTestSupport               INFO  ********************************************************************************
[                          main] CamelTestSupport               INFO  Testing done: should_complete_the_auto_detected_route() (org.example.MyApplicationTest)
[                          main] CamelTestSupport               INFO  Took: 1s25ms (1025 millis)
[                          main] CamelTestSupport               INFO  ********************************************************************************
[                          main] AbstractCamelContext           INFO  Apache Camel 4.0.0 (MyTimerCamel) is shutting down (timeout:10s)
[                          main] AbstractCamelContext           INFO  Routes stopped (stopped:1)
[                          main] AbstractCamelContext           INFO      Stopped route1 (timer://foo)
[                          main] AbstractCamelContext           INFO  Apache Camel 4.0.0 (MyTimerCamel) shutdown in 7ms (uptime:1s)
]]></system-out>
  </testcase>
</testsuite>